{"D:\\SDE PROJECTS\\Real-Time-Auction-Platform\\backend\\redis.js": {"path":"D:\\SDE PROJECTS\\Real-Time-Auction-Platform\\backend\\redis.js","statementMap":{"0":{"start":{"line":2,"column":25},"end":{"line":2,"column":41}},"1":{"start":{"line":7,"column":2},"end":{"line":15,"column":3}},"2":{"start":{"line":8,"column":4},"end":{"line":10,"column":7}},"3":{"start":{"line":12,"column":4},"end":{"line":12,"column":74}},"4":{"start":{"line":12,"column":32},"end":{"line":12,"column":72}},"5":{"start":{"line":14,"column":4},"end":{"line":14,"column":27}},"6":{"start":{"line":17,"column":2},"end":{"line":17,"column":16}},"7":{"start":{"line":20,"column":0},"end":{"line":20,"column":32}}},"fnMap":{"0":{"name":"getRedisClient","decl":{"start":{"line":6,"column":15},"end":{"line":6,"column":29}},"loc":{"start":{"line":6,"column":32},"end":{"line":18,"column":1}},"line":6},"1":{"name":"(anonymous_1)","decl":{"start":{"line":12,"column":23},"end":{"line":12,"column":24}},"loc":{"start":{"line":12,"column":32},"end":{"line":12,"column":72}},"line":12}},"branchMap":{"0":{"loc":{"start":{"line":7,"column":2},"end":{"line":15,"column":3}},"type":"if","locations":[{"start":{"line":7,"column":2},"end":{"line":15,"column":3}},{"start":{},"end":{}}],"line":7}},"s":{"0":2,"1":12,"2":2,"3":2,"4":0,"5":2,"6":12,"7":2},"f":{"0":12,"1":0},"b":{"0":[2,10]},"_coverageSchema":"1a1c01bbd47fc00a2c39e90264f33305004495a9","hash":"04cd54a14cb7a0c858c0953b2b042b2ed275d9b0"}
,"D:\\SDE PROJECTS\\Real-Time-Auction-Platform\\backend\\controllers\\admin\\admin_login.js": {"path":"D:\\SDE PROJECTS\\Real-Time-Auction-Platform\\backend\\controllers\\admin\\admin_login.js","statementMap":{"0":{"start":{"line":1,"column":14},"end":{"line":18,"column":1}},"1":{"start":{"line":2,"column":2},"end":{"line":17,"column":3}},"2":{"start":{"line":3,"column":32},"end":{"line":3,"column":40}},"3":{"start":{"line":4,"column":4},"end":{"line":4,"column":33}},"4":{"start":{"line":7,"column":18},"end":{"line":7,"column":56}},"5":{"start":{"line":8,"column":21},"end":{"line":8,"column":34}},"6":{"start":{"line":9,"column":4},"end":{"line":13,"column":5}},"7":{"start":{"line":10,"column":6},"end":{"line":10,"column":94}},"8":{"start":{"line":12,"column":6},"end":{"line":12,"column":76}},"9":{"start":{"line":15,"column":4},"end":{"line":15,"column":25}},"10":{"start":{"line":16,"column":4},"end":{"line":16,"column":70}},"11":{"start":{"line":20,"column":0},"end":{"line":20,"column":27}}},"fnMap":{"0":{"name":"(anonymous_0)","decl":{"start":{"line":1,"column":14},"end":{"line":1,"column":15}},"loc":{"start":{"line":1,"column":34},"end":{"line":18,"column":1}},"line":1}},"branchMap":{"0":{"loc":{"start":{"line":9,"column":4},"end":{"line":13,"column":5}},"type":"if","locations":[{"start":{"line":9,"column":4},"end":{"line":13,"column":5}},{"start":{"line":11,"column":11},"end":{"line":13,"column":5}}],"line":9},"1":{"loc":{"start":{"line":9,"column":8},"end":{"line":9,"column":48}},"type":"binary-expr","locations":[{"start":{"line":9,"column":8},"end":{"line":9,"column":23}},{"start":{"line":9,"column":27},"end":{"line":9,"column":48}}],"line":9}},"s":{"0":1,"1":2,"2":2,"3":2,"4":2,"5":2,"6":2,"7":0,"8":2,"9":0,"10":0,"11":1},"f":{"0":2},"b":{"0":[0,2],"1":[2,0]},"_coverageSchema":"1a1c01bbd47fc00a2c39e90264f33305004495a9","hash":"9fc27b7e9ad4c45716d56f255a6528b9b302da84"}
,"D:\\SDE PROJECTS\\Real-Time-Auction-Platform\\backend\\controllers\\seller\\create_auction.js": {"path":"D:\\SDE PROJECTS\\Real-Time-Auction-Platform\\backend\\controllers\\seller\\create_auction.js","statementMap":{"0":{"start":{"line":1,"column":20},"end":{"line":1,"column":55}},"1":{"start":{"line":2,"column":22},"end":{"line":2,"column":55}},"2":{"start":{"line":3,"column":23},"end":{"line":3,"column":45}},"3":{"start":{"line":4,"column":19},"end":{"line":4,"column":43}},"4":{"start":{"line":7,"column":0},"end":{"line":11,"column":3}},"5":{"start":{"line":14,"column":2},"end":{"line":53,"column":3}},"6":{"start":{"line":15,"column":19},"end":{"line":15,"column":41}},"7":{"start":{"line":17,"column":19},"end":{"line":17,"column":64}},"8":{"start":{"line":18,"column":4},"end":{"line":18,"column":78}},"9":{"start":{"line":18,"column":17},"end":{"line":18,"column":78}},"10":{"start":{"line":20,"column":23},"end":{"line":20,"column":36}},"11":{"start":{"line":21,"column":22},"end":{"line":21,"column":72}},"12":{"start":{"line":22,"column":20},"end":{"line":22,"column":68}},"13":{"start":{"line":24,"column":17},"end":{"line":40,"column":6}},"14":{"start":{"line":42,"column":4},"end":{"line":42,"column":22}},"15":{"start":{"line":43,"column":4},"end":{"line":43,"column":28}},"16":{"start":{"line":44,"column":4},"end":{"line":44,"column":24}},"17":{"start":{"line":47,"column":4},"end":{"line":47,"column":28}},"18":{"start":{"line":49,"column":4},"end":{"line":49,"column":74}},"19":{"start":{"line":51,"column":4},"end":{"line":51,"column":52}},"20":{"start":{"line":52,"column":4},"end":{"line":52,"column":89}},"21":{"start":{"line":56,"column":0},"end":{"line":56,"column":39}}},"fnMap":{"0":{"name":"createAuctionPost","decl":{"start":{"line":13,"column":15},"end":{"line":13,"column":32}},"loc":{"start":{"line":13,"column":43},"end":{"line":54,"column":1}},"line":13}},"branchMap":{"0":{"loc":{"start":{"line":18,"column":4},"end":{"line":18,"column":78}},"type":"if","locations":[{"start":{"line":18,"column":4},"end":{"line":18,"column":78}},{"start":{},"end":{}}],"line":18}},"s":{"0":1,"1":1,"2":1,"3":1,"4":1,"5":0,"6":0,"7":0,"8":0,"9":0,"10":0,"11":0,"12":0,"13":0,"14":0,"15":0,"16":0,"17":0,"18":0,"19":0,"20":0,"21":1},"f":{"0":0},"b":{"0":[0,0]},"_coverageSchema":"1a1c01bbd47fc00a2c39e90264f33305004495a9","hash":"db50a2649b67b8dd5c42f642c58a0b125df576d1"}
,"D:\\SDE PROJECTS\\Real-Time-Auction-Platform\\backend\\controllers\\seller\\sell_item.js": {"path":"D:\\SDE PROJECTS\\Real-Time-Auction-Platform\\backend\\controllers\\seller\\sell_item.js","statementMap":{"0":{"start":{"line":1,"column":20},"end":{"line":1,"column":55}},"1":{"start":{"line":2,"column":18},"end":{"line":2,"column":51}},"2":{"start":{"line":3,"column":22},"end":{"line":3,"column":55}},"3":{"start":{"line":4,"column":23},"end":{"line":4,"column":45}},"4":{"start":{"line":7,"column":4},"end":{"line":22,"column":5}},"5":{"start":{"line":8,"column":23},"end":{"line":8,"column":68}},"6":{"start":{"line":9,"column":8},"end":{"line":11,"column":9}},"7":{"start":{"line":10,"column":12},"end":{"line":10,"column":73}},"8":{"start":{"line":13,"column":21},"end":{"line":13,"column":64}},"9":{"start":{"line":14,"column":8},"end":{"line":16,"column":9}},"10":{"start":{"line":15,"column":12},"end":{"line":15,"column":66}},"11":{"start":{"line":18,"column":8},"end":{"line":18,"column":97}},"12":{"start":{"line":20,"column":8},"end":{"line":20,"column":39}},"13":{"start":{"line":21,"column":8},"end":{"line":21,"column":67}},"14":{"start":{"line":26,"column":4},"end":{"line":64,"column":5}},"15":{"start":{"line":27,"column":23},"end":{"line":27,"column":45}},"16":{"start":{"line":29,"column":21},"end":{"line":29,"column":64}},"17":{"start":{"line":30,"column":8},"end":{"line":32,"column":9}},"18":{"start":{"line":31,"column":12},"end":{"line":31,"column":74}},"19":{"start":{"line":34,"column":8},"end":{"line":34,"column":42}},"20":{"start":{"line":36,"column":23},"end":{"line":40,"column":9}},"21":{"start":{"line":42,"column":8},"end":{"line":44,"column":9}},"22":{"start":{"line":43,"column":12},"end":{"line":43,"column":73}},"23":{"start":{"line":46,"column":8},"end":{"line":46,"column":36}},"24":{"start":{"line":47,"column":8},"end":{"line":47,"column":28}},"25":{"start":{"line":49,"column":21},"end":{"line":49,"column":69}},"26":{"start":{"line":50,"column":8},"end":{"line":52,"column":9}},"27":{"start":{"line":51,"column":12},"end":{"line":51,"column":72}},"28":{"start":{"line":54,"column":8},"end":{"line":54,"column":30}},"29":{"start":{"line":55,"column":8},"end":{"line":55,"column":26}},"30":{"start":{"line":57,"column":8},"end":{"line":57,"column":62}},"31":{"start":{"line":58,"column":8},"end":{"line":58,"column":32}},"32":{"start":{"line":60,"column":8},"end":{"line":60,"column":74}},"33":{"start":{"line":62,"column":8},"end":{"line":62,"column":39}},"34":{"start":{"line":63,"column":8},"end":{"line":63,"column":67}},"35":{"start":{"line":67,"column":0},"end":{"line":67,"column":53}}},"fnMap":{"0":{"name":"sellingPageGet","decl":{"start":{"line":6,"column":15},"end":{"line":6,"column":29}},"loc":{"start":{"line":6,"column":40},"end":{"line":23,"column":1}},"line":6},"1":{"name":"sellingPagePost","decl":{"start":{"line":25,"column":15},"end":{"line":25,"column":30}},"loc":{"start":{"line":25,"column":41},"end":{"line":65,"column":1}},"line":25}},"branchMap":{"0":{"loc":{"start":{"line":9,"column":8},"end":{"line":11,"column":9}},"type":"if","locations":[{"start":{"line":9,"column":8},"end":{"line":11,"column":9}},{"start":{},"end":{}}],"line":9},"1":{"loc":{"start":{"line":14,"column":8},"end":{"line":16,"column":9}},"type":"if","locations":[{"start":{"line":14,"column":8},"end":{"line":16,"column":9}},{"start":{},"end":{}}],"line":14},"2":{"loc":{"start":{"line":30,"column":8},"end":{"line":32,"column":9}},"type":"if","locations":[{"start":{"line":30,"column":8},"end":{"line":32,"column":9}},{"start":{},"end":{}}],"line":30},"3":{"loc":{"start":{"line":42,"column":8},"end":{"line":44,"column":9}},"type":"if","locations":[{"start":{"line":42,"column":8},"end":{"line":44,"column":9}},{"start":{},"end":{}}],"line":42},"4":{"loc":{"start":{"line":50,"column":8},"end":{"line":52,"column":9}},"type":"if","locations":[{"start":{"line":50,"column":8},"end":{"line":52,"column":9}},{"start":{},"end":{}}],"line":50}},"s":{"0":1,"1":1,"2":1,"3":1,"4":1,"5":1,"6":1,"7":0,"8":1,"9":1,"10":0,"11":1,"12":0,"13":0,"14":0,"15":0,"16":0,"17":0,"18":0,"19":0,"20":0,"21":0,"22":0,"23":0,"24":0,"25":0,"26":0,"27":0,"28":0,"29":0,"30":0,"31":0,"32":0,"33":0,"34":0,"35":1},"f":{"0":1,"1":0},"b":{"0":[0,1],"1":[0,1],"2":[0,0],"3":[0,0],"4":[0,0]},"_coverageSchema":"1a1c01bbd47fc00a2c39e90264f33305004495a9","hash":"553e83d7a2ea27b4cfab4726638218953bd6c7af"}
,"D:\\SDE PROJECTS\\Real-Time-Auction-Platform\\backend\\controllers\\seller\\seller_home.js": {"path":"D:\\SDE PROJECTS\\Real-Time-Auction-Platform\\backend\\controllers\\seller\\seller_home.js","statementMap":{"0":{"start":{"line":1,"column":20},"end":{"line":1,"column":55}},"1":{"start":{"line":2,"column":22},"end":{"line":2,"column":55}},"2":{"start":{"line":3,"column":23},"end":{"line":3,"column":45}},"3":{"start":{"line":4,"column":23},"end":{"line":4,"column":61}},"4":{"start":{"line":7,"column":23},"end":{"line":14,"column":1}},"5":{"start":{"line":8,"column":4},"end":{"line":13,"column":7}},"6":{"start":{"line":17,"column":18},"end":{"line":17,"column":28}},"7":{"start":{"line":18,"column":19},"end":{"line":18,"column":29}},"8":{"start":{"line":20,"column":4},"end":{"line":56,"column":5}},"9":{"start":{"line":21,"column":23},"end":{"line":21,"column":45}},"10":{"start":{"line":24,"column":19},"end":{"line":24,"column":20}},"11":{"start":{"line":27,"column":29},"end":{"line":27,"column":61}},"12":{"start":{"line":28,"column":8},"end":{"line":38,"column":9}},"13":{"start":{"line":29,"column":12},"end":{"line":29,"column":46}},"14":{"start":{"line":30,"column":12},"end":{"line":30,"column":38}},"15":{"start":{"line":31,"column":12},"end":{"line":31,"column":29}},"16":{"start":{"line":33,"column":12},"end":{"line":33,"column":60}},"17":{"start":{"line":34,"column":12},"end":{"line":34,"column":73}},"18":{"start":{"line":34,"column":25},"end":{"line":34,"column":73}},"19":{"start":{"line":35,"column":12},"end":{"line":35,"column":38}},"20":{"start":{"line":36,"column":12},"end":{"line":36,"column":83}},"21":{"start":{"line":37,"column":12},"end":{"line":37,"column":26}},"22":{"start":{"line":41,"column":24},"end":{"line":41,"column":58}},"23":{"start":{"line":41,"column":49},"end":{"line":41,"column":57}},"24":{"start":{"line":42,"column":22},"end":{"line":42,"column":69}},"25":{"start":{"line":44,"column":8},"end":{"line":44,"column":48}},"26":{"start":{"line":46,"column":8},"end":{"line":52,"column":11}},"27":{"start":{"line":54,"column":8},"end":{"line":54,"column":53}},"28":{"start":{"line":55,"column":8},"end":{"line":55,"column":54}},"29":{"start":{"line":59,"column":0},"end":{"line":59,"column":38}}},"fnMap":{"0":{"name":"(anonymous_0)","decl":{"start":{"line":7,"column":23},"end":{"line":7,"column":24}},"loc":{"start":{"line":7,"column":60},"end":{"line":14,"column":1}},"line":7},"1":{"name":"renderSellerHome","decl":{"start":{"line":16,"column":15},"end":{"line":16,"column":31}},"loc":{"start":{"line":16,"column":42},"end":{"line":57,"column":1}},"line":16},"2":{"name":"(anonymous_2)","decl":{"start":{"line":41,"column":41},"end":{"line":41,"column":42}},"loc":{"start":{"line":41,"column":49},"end":{"line":41,"column":57}},"line":41}},"branchMap":{"0":{"loc":{"start":{"line":28,"column":8},"end":{"line":38,"column":9}},"type":"if","locations":[{"start":{"line":28,"column":8},"end":{"line":38,"column":9}},{"start":{"line":32,"column":15},"end":{"line":38,"column":9}}],"line":28},"1":{"loc":{"start":{"line":34,"column":12},"end":{"line":34,"column":73}},"type":"if","locations":[{"start":{"line":34,"column":12},"end":{"line":34,"column":73}},{"start":{},"end":{}}],"line":34}},"s":{"0":1,"1":1,"2":1,"3":1,"4":1,"5":1,"6":1,"7":1,"8":1,"9":1,"10":1,"11":1,"12":1,"13":0,"14":0,"15":0,"16":1,"17":1,"18":0,"19":1,"20":1,"21":1,"22":1,"23":0,"24":1,"25":1,"26":1,"27":0,"28":0,"29":1},"f":{"0":1,"1":1,"2":0},"b":{"0":[0,1],"1":[0,1]},"_coverageSchema":"1a1c01bbd47fc00a2c39e90264f33305004495a9","hash":"743be8a9cbeac1f1bf48ac408f4413ace8ad7f1a"}
,"D:\\SDE PROJECTS\\Real-Time-Auction-Platform\\backend\\controllers\\seller\\seller_login.js": {"path":"D:\\SDE PROJECTS\\Real-Time-Auction-Platform\\backend\\controllers\\seller\\seller_login.js","statementMap":{"0":{"start":{"line":1,"column":15},"end":{"line":1,"column":34}},"1":{"start":{"line":2,"column":20},"end":{"line":2,"column":55}},"2":{"start":{"line":3,"column":23},"end":{"line":3,"column":61}},"3":{"start":{"line":4,"column":23},"end":{"line":4,"column":45}},"4":{"start":{"line":7,"column":32},"end":{"line":7,"column":40}},"5":{"start":{"line":8,"column":18},"end":{"line":8,"column":28}},"6":{"start":{"line":9,"column":19},"end":{"line":9,"column":41}},"7":{"start":{"line":11,"column":4},"end":{"line":33,"column":5}},"8":{"start":{"line":12,"column":23},"end":{"line":12,"column":59}},"9":{"start":{"line":13,"column":8},"end":{"line":13,"column":77}},"10":{"start":{"line":13,"column":21},"end":{"line":13,"column":77}},"11":{"start":{"line":15,"column":24},"end":{"line":15,"column":71}},"12":{"start":{"line":16,"column":8},"end":{"line":18,"column":9}},"13":{"start":{"line":17,"column":12},"end":{"line":17,"column":71}},"14":{"start":{"line":21,"column":8},"end":{"line":21,"column":39}},"15":{"start":{"line":22,"column":8},"end":{"line":22,"column":86}},"16":{"start":{"line":24,"column":8},"end":{"line":29,"column":11}},"17":{"start":{"line":31,"column":8},"end":{"line":31,"column":52}},"18":{"start":{"line":32,"column":8},"end":{"line":32,"column":67}},"19":{"start":{"line":36,"column":0},"end":{"line":36,"column":38}}},"fnMap":{"0":{"name":"sellerlogin_post","decl":{"start":{"line":6,"column":15},"end":{"line":6,"column":31}},"loc":{"start":{"line":6,"column":42},"end":{"line":34,"column":1}},"line":6}},"branchMap":{"0":{"loc":{"start":{"line":13,"column":8},"end":{"line":13,"column":77}},"type":"if","locations":[{"start":{"line":13,"column":8},"end":{"line":13,"column":77}},{"start":{},"end":{}}],"line":13},"1":{"loc":{"start":{"line":16,"column":8},"end":{"line":18,"column":9}},"type":"if","locations":[{"start":{"line":16,"column":8},"end":{"line":18,"column":9}},{"start":{},"end":{}}],"line":16}},"s":{"0":1,"1":1,"2":1,"3":1,"4":1,"5":1,"6":1,"7":1,"8":1,"9":1,"10":0,"11":1,"12":1,"13":0,"14":1,"15":1,"16":1,"17":0,"18":0,"19":1},"f":{"0":1},"b":{"0":[0,1],"1":[0,1]},"_coverageSchema":"1a1c01bbd47fc00a2c39e90264f33305004495a9","hash":"13de930c44655f43b25ea87cb9628475207ec110"}
,"D:\\SDE PROJECTS\\Real-Time-Auction-Platform\\backend\\controllers\\seller\\seller_register.js": {"path":"D:\\SDE PROJECTS\\Real-Time-Auction-Platform\\backend\\controllers\\seller\\seller_register.js","statementMap":{"0":{"start":{"line":1,"column":15},"end":{"line":1,"column":34}},"1":{"start":{"line":2,"column":20},"end":{"line":2,"column":55}},"2":{"start":{"line":4,"column":19},"end":{"line":4,"column":40}},"3":{"start":{"line":5,"column":23},"end":{"line":5,"column":45}},"4":{"start":{"line":7,"column":45},"end":{"line":7,"column":53}},"5":{"start":{"line":8,"column":19},"end":{"line":8,"column":41}},"6":{"start":{"line":9,"column":4},"end":{"line":32,"column":5}},"7":{"start":{"line":10,"column":33},"end":{"line":10,"column":69}},"8":{"start":{"line":11,"column":31},"end":{"line":11,"column":67}},"9":{"start":{"line":12,"column":8},"end":{"line":14,"column":9}},"10":{"start":{"line":13,"column":12},"end":{"line":13,"column":77}},"11":{"start":{"line":16,"column":31},"end":{"line":16,"column":62}},"12":{"start":{"line":18,"column":26},"end":{"line":25,"column":10}},"13":{"start":{"line":26,"column":8},"end":{"line":26,"column":26}},"14":{"start":{"line":27,"column":8},"end":{"line":27,"column":31}},"15":{"start":{"line":28,"column":8},"end":{"line":28,"column":83}},"16":{"start":{"line":30,"column":8},"end":{"line":30,"column":59}},"17":{"start":{"line":31,"column":8},"end":{"line":31,"column":67}},"18":{"start":{"line":35,"column":0},"end":{"line":35,"column":41}}},"fnMap":{"0":{"name":"sellerregister_post","decl":{"start":{"line":6,"column":15},"end":{"line":6,"column":34}},"loc":{"start":{"line":6,"column":45},"end":{"line":33,"column":1}},"line":6}},"branchMap":{"0":{"loc":{"start":{"line":12,"column":8},"end":{"line":14,"column":9}},"type":"if","locations":[{"start":{"line":12,"column":8},"end":{"line":14,"column":9}},{"start":{},"end":{}}],"line":12},"1":{"loc":{"start":{"line":12,"column":12},"end":{"line":12,"column":46}},"type":"binary-expr","locations":[{"start":{"line":12,"column":12},"end":{"line":12,"column":28}},{"start":{"line":12,"column":32},"end":{"line":12,"column":46}}],"line":12}},"s":{"0":1,"1":1,"2":1,"3":1,"4":1,"5":1,"6":1,"7":1,"8":1,"9":1,"10":0,"11":1,"12":1,"13":1,"14":1,"15":1,"16":0,"17":0,"18":1},"f":{"0":1},"b":{"0":[0,1],"1":[1,1]},"_coverageSchema":"1a1c01bbd47fc00a2c39e90264f33305004495a9","hash":"05b016fda2d5141ac705deadb88fa5d36341f230"}
,"D:\\SDE PROJECTS\\Real-Time-Auction-Platform\\backend\\controllers\\user\\LikedItems.js": {"path":"D:\\SDE PROJECTS\\Real-Time-Auction-Platform\\backend\\controllers\\user\\LikedItems.js","statementMap":{"0":{"start":{"line":1,"column":18},"end":{"line":1,"column":51}},"1":{"start":{"line":2,"column":22},"end":{"line":2,"column":55}},"2":{"start":{"line":3,"column":23},"end":{"line":3,"column":45}},"3":{"start":{"line":4,"column":23},"end":{"line":4,"column":61}},"4":{"start":{"line":7,"column":18},"end":{"line":7,"column":28}},"5":{"start":{"line":8,"column":17},"end":{"line":8,"column":21}},"6":{"start":{"line":11,"column":4},"end":{"line":29,"column":5}},"7":{"start":{"line":12,"column":21},"end":{"line":12,"column":78}},"8":{"start":{"line":13,"column":8},"end":{"line":13,"column":78}},"9":{"start":{"line":13,"column":19},"end":{"line":13,"column":78}},"10":{"start":{"line":15,"column":27},"end":{"line":15,"column":37}},"11":{"start":{"line":16,"column":8},"end":{"line":16,"column":42}},"12":{"start":{"line":18,"column":8},"end":{"line":23,"column":11}},"13":{"start":{"line":25,"column":8},"end":{"line":25,"column":41}},"14":{"start":{"line":27,"column":8},"end":{"line":27,"column":60}},"15":{"start":{"line":28,"column":8},"end":{"line":28,"column":54}},"16":{"start":{"line":33,"column":4},"end":{"line":53,"column":5}},"17":{"start":{"line":34,"column":23},"end":{"line":34,"column":45}},"18":{"start":{"line":35,"column":35},"end":{"line":35,"column":45}},"19":{"start":{"line":36,"column":21},"end":{"line":36,"column":53}},"20":{"start":{"line":37,"column":21},"end":{"line":37,"column":53}},"21":{"start":{"line":39,"column":8},"end":{"line":41,"column":9}},"22":{"start":{"line":40,"column":12},"end":{"line":40,"column":79}},"23":{"start":{"line":43,"column":8},"end":{"line":43,"column":30}},"24":{"start":{"line":44,"column":8},"end":{"line":44,"column":26}},"25":{"start":{"line":47,"column":8},"end":{"line":47,"column":32}},"26":{"start":{"line":49,"column":8},"end":{"line":49,"column":66}},"27":{"start":{"line":51,"column":8},"end":{"line":51,"column":57}},"28":{"start":{"line":52,"column":8},"end":{"line":52,"column":54}},"29":{"start":{"line":57,"column":4},"end":{"line":78,"column":5}},"30":{"start":{"line":58,"column":23},"end":{"line":58,"column":45}},"31":{"start":{"line":59,"column":35},"end":{"line":59,"column":45}},"32":{"start":{"line":60,"column":21},"end":{"line":60,"column":53}},"33":{"start":{"line":61,"column":21},"end":{"line":61,"column":53}},"34":{"start":{"line":63,"column":8},"end":{"line":65,"column":9}},"35":{"start":{"line":64,"column":12},"end":{"line":64,"column":79}},"36":{"start":{"line":67,"column":8},"end":{"line":67,"column":73}},"37":{"start":{"line":67,"column":44},"end":{"line":67,"column":71}},"38":{"start":{"line":68,"column":8},"end":{"line":68,"column":44}},"39":{"start":{"line":69,"column":8},"end":{"line":69,"column":26}},"40":{"start":{"line":70,"column":8},"end":{"line":70,"column":44}},"41":{"start":{"line":72,"column":8},"end":{"line":72,"column":32}},"42":{"start":{"line":74,"column":8},"end":{"line":74,"column":70}},"43":{"start":{"line":76,"column":8},"end":{"line":76,"column":59}},"44":{"start":{"line":77,"column":8},"end":{"line":77,"column":54}},"45":{"start":{"line":81,"column":0},"end":{"line":81,"column":68}}},"fnMap":{"0":{"name":"getLikedItems","decl":{"start":{"line":6,"column":15},"end":{"line":6,"column":28}},"loc":{"start":{"line":6,"column":39},"end":{"line":30,"column":1}},"line":6},"1":{"name":"addLikedItems","decl":{"start":{"line":32,"column":15},"end":{"line":32,"column":28}},"loc":{"start":{"line":32,"column":39},"end":{"line":54,"column":1}},"line":32},"2":{"name":"deleteLikedItems","decl":{"start":{"line":56,"column":15},"end":{"line":56,"column":31}},"loc":{"start":{"line":56,"column":42},"end":{"line":79,"column":1}},"line":56},"3":{"name":"(anonymous_3)","decl":{"start":{"line":67,"column":39},"end":{"line":67,"column":40}},"loc":{"start":{"line":67,"column":44},"end":{"line":67,"column":71}},"line":67}},"branchMap":{"0":{"loc":{"start":{"line":13,"column":8},"end":{"line":13,"column":78}},"type":"if","locations":[{"start":{"line":13,"column":8},"end":{"line":13,"column":78}},{"start":{},"end":{}}],"line":13},"1":{"loc":{"start":{"line":39,"column":8},"end":{"line":41,"column":9}},"type":"if","locations":[{"start":{"line":39,"column":8},"end":{"line":41,"column":9}},{"start":{},"end":{}}],"line":39},"2":{"loc":{"start":{"line":39,"column":12},"end":{"line":39,"column":26}},"type":"binary-expr","locations":[{"start":{"line":39,"column":12},"end":{"line":39,"column":17}},{"start":{"line":39,"column":21},"end":{"line":39,"column":26}}],"line":39},"3":{"loc":{"start":{"line":63,"column":8},"end":{"line":65,"column":9}},"type":"if","locations":[{"start":{"line":63,"column":8},"end":{"line":65,"column":9}},{"start":{},"end":{}}],"line":63},"4":{"loc":{"start":{"line":63,"column":12},"end":{"line":63,"column":26}},"type":"binary-expr","locations":[{"start":{"line":63,"column":12},"end":{"line":63,"column":17}},{"start":{"line":63,"column":21},"end":{"line":63,"column":26}}],"line":63}},"s":{"0":1,"1":1,"2":1,"3":1,"4":0,"5":0,"6":0,"7":0,"8":0,"9":0,"10":0,"11":0,"12":0,"13":0,"14":0,"15":0,"16":0,"17":0,"18":0,"19":0,"20":0,"21":0,"22":0,"23":0,"24":0,"25":0,"26":0,"27":0,"28":0,"29":0,"30":0,"31":0,"32":0,"33":0,"34":0,"35":0,"36":0,"37":0,"38":0,"39":0,"40":0,"41":0,"42":0,"43":0,"44":0,"45":1},"f":{"0":0,"1":0,"2":0,"3":0},"b":{"0":[0,0],"1":[0,0],"2":[0,0],"3":[0,0],"4":[0,0]},"_coverageSchema":"1a1c01bbd47fc00a2c39e90264f33305004495a9","hash":"9dbd36c0c0270911c2d98cc8e2b8a36757a5d842"}
,"D:\\SDE PROJECTS\\Real-Time-Auction-Platform\\backend\\controllers\\user\\googleauth.js": {"path":"D:\\SDE PROJECTS\\Real-Time-Auction-Platform\\backend\\controllers\\user\\googleauth.js","statementMap":{"0":{"start":{"line":1,"column":19},"end":{"line":1,"column":40}},"1":{"start":{"line":2,"column":14},"end":{"line":2,"column":30}},"2":{"start":{"line":3,"column":18},"end":{"line":3,"column":51}},"3":{"start":{"line":5,"column":17},"end":{"line":5,"column":63}},"4":{"start":{"line":6,"column":21},"end":{"line":6,"column":58}},"5":{"start":{"line":7,"column":21},"end":{"line":7,"column":81}},"6":{"start":{"line":10,"column":20},"end":{"line":12,"column":5}},"7":{"start":{"line":13,"column":4},"end":{"line":13,"column":24}},"8":{"start":{"line":17,"column":4},"end":{"line":37,"column":5}},"9":{"start":{"line":18,"column":27},"end":{"line":18,"column":36}},"10":{"start":{"line":19,"column":25},"end":{"line":19,"column":63}},"11":{"start":{"line":20,"column":32},"end":{"line":20,"column":40}},"12":{"start":{"line":21,"column":8},"end":{"line":21,"column":33}},"13":{"start":{"line":22,"column":27},"end":{"line":22,"column":68}},"14":{"start":{"line":23,"column":8},"end":{"line":25,"column":9}},"15":{"start":{"line":24,"column":12},"end":{"line":24,"column":101}},"16":{"start":{"line":26,"column":24},"end":{"line":31,"column":10}},"17":{"start":{"line":32,"column":8},"end":{"line":32,"column":29}},"18":{"start":{"line":33,"column":8},"end":{"line":33,"column":95}},"19":{"start":{"line":35,"column":8},"end":{"line":35,"column":59}},"20":{"start":{"line":36,"column":8},"end":{"line":36,"column":71}},"21":{"start":{"line":40,"column":0},"end":{"line":40,"column":33}}},"fnMap":{"0":{"name":"getUserInfo","decl":{"start":{"line":9,"column":15},"end":{"line":9,"column":26}},"loc":{"start":{"line":9,"column":40},"end":{"line":14,"column":1}},"line":9},"1":{"name":"googleLogin","decl":{"start":{"line":16,"column":15},"end":{"line":16,"column":26}},"loc":{"start":{"line":16,"column":37},"end":{"line":38,"column":1}},"line":16}},"branchMap":{"0":{"loc":{"start":{"line":23,"column":8},"end":{"line":25,"column":9}},"type":"if","locations":[{"start":{"line":23,"column":8},"end":{"line":25,"column":9}},{"start":{},"end":{}}],"line":23}},"s":{"0":1,"1":1,"2":1,"3":1,"4":1,"5":1,"6":0,"7":0,"8":0,"9":0,"10":0,"11":0,"12":0,"13":0,"14":0,"15":0,"16":0,"17":0,"18":0,"19":0,"20":0,"21":1},"f":{"0":0,"1":0},"b":{"0":[0,0]},"_coverageSchema":"1a1c01bbd47fc00a2c39e90264f33305004495a9","hash":"b0ea3a5aa3ff89a7c76672057f8ba48d9ecde0e4"}
,"D:\\SDE PROJECTS\\Real-Time-Auction-Platform\\backend\\controllers\\user\\user_home.js": {"path":"D:\\SDE PROJECTS\\Real-Time-Auction-Platform\\backend\\controllers\\user\\user_home.js","statementMap":{"0":{"start":{"line":1,"column":18},"end":{"line":1,"column":51}},"1":{"start":{"line":2,"column":22},"end":{"line":2,"column":55}},"2":{"start":{"line":3,"column":23},"end":{"line":3,"column":45}},"3":{"start":{"line":4,"column":23},"end":{"line":4,"column":61}},"4":{"start":{"line":7,"column":23},"end":{"line":14,"column":1}},"5":{"start":{"line":8,"column":4},"end":{"line":13,"column":7}},"6":{"start":{"line":17,"column":18},"end":{"line":17,"column":28}},"7":{"start":{"line":18,"column":19},"end":{"line":18,"column":29}},"8":{"start":{"line":19,"column":4},"end":{"line":19,"column":20}},"9":{"start":{"line":20,"column":4},"end":{"line":53,"column":5}},"10":{"start":{"line":21,"column":23},"end":{"line":21,"column":45}},"11":{"start":{"line":24,"column":19},"end":{"line":24,"column":20}},"12":{"start":{"line":25,"column":27},"end":{"line":25,"column":57}},"13":{"start":{"line":26,"column":8},"end":{"line":38,"column":9}},"14":{"start":{"line":27,"column":12},"end":{"line":27,"column":42}},"15":{"start":{"line":28,"column":12},"end":{"line":28,"column":38}},"16":{"start":{"line":29,"column":12},"end":{"line":29,"column":40}},"17":{"start":{"line":30,"column":12},"end":{"line":30,"column":29}},"18":{"start":{"line":32,"column":12},"end":{"line":32,"column":56}},"19":{"start":{"line":33,"column":12},"end":{"line":33,"column":39}},"20":{"start":{"line":34,"column":12},"end":{"line":34,"column":83}},"21":{"start":{"line":34,"column":37},"end":{"line":34,"column":83}},"22":{"start":{"line":35,"column":12},"end":{"line":35,"column":38}},"23":{"start":{"line":36,"column":12},"end":{"line":36,"column":79}},"24":{"start":{"line":37,"column":12},"end":{"line":37,"column":26}},"25":{"start":{"line":40,"column":22},"end":{"line":40,"column":44}},"26":{"start":{"line":42,"column":21},"end":{"line":46,"column":9}},"27":{"start":{"line":47,"column":8},"end":{"line":47,"column":48}},"28":{"start":{"line":49,"column":8},"end":{"line":49,"column":105}},"29":{"start":{"line":51,"column":8},"end":{"line":51,"column":53}},"30":{"start":{"line":52,"column":8},"end":{"line":52,"column":54}},"31":{"start":{"line":56,"column":0},"end":{"line":56,"column":36}}},"fnMap":{"0":{"name":"(anonymous_0)","decl":{"start":{"line":7,"column":23},"end":{"line":7,"column":24}},"loc":{"start":{"line":7,"column":60},"end":{"line":14,"column":1}},"line":7},"1":{"name":"renderUserHome","decl":{"start":{"line":16,"column":15},"end":{"line":16,"column":29}},"loc":{"start":{"line":16,"column":40},"end":{"line":54,"column":1}},"line":16}},"branchMap":{"0":{"loc":{"start":{"line":26,"column":8},"end":{"line":38,"column":9}},"type":"if","locations":[{"start":{"line":26,"column":8},"end":{"line":38,"column":9}},{"start":{"line":31,"column":15},"end":{"line":38,"column":9}}],"line":26},"1":{"loc":{"start":{"line":34,"column":12},"end":{"line":34,"column":83}},"type":"if","locations":[{"start":{"line":34,"column":12},"end":{"line":34,"column":83}},{"start":{},"end":{}}],"line":34},"2":{"loc":{"start":{"line":34,"column":16},"end":{"line":34,"column":35}},"type":"binary-expr","locations":[{"start":{"line":34,"column":16},"end":{"line":34,"column":21}},{"start":{"line":34,"column":25},"end":{"line":34,"column":35}}],"line":34}},"s":{"0":1,"1":1,"2":1,"3":1,"4":1,"5":1,"6":2,"7":2,"8":2,"9":2,"10":2,"11":2,"12":2,"13":2,"14":0,"15":0,"16":0,"17":0,"18":2,"19":1,"20":1,"21":0,"22":1,"23":1,"24":1,"25":1,"26":1,"27":1,"28":1,"29":1,"30":1,"31":1},"f":{"0":1,"1":2},"b":{"0":[0,2],"1":[0,1],"2":[1,1]},"_coverageSchema":"1a1c01bbd47fc00a2c39e90264f33305004495a9","hash":"8d87ef50f73956606c276f83e952c22dc201a686"}
,"D:\\SDE PROJECTS\\Real-Time-Auction-Platform\\backend\\controllers\\user\\user_login.js": {"path":"D:\\SDE PROJECTS\\Real-Time-Auction-Platform\\backend\\controllers\\user\\user_login.js","statementMap":{"0":{"start":{"line":1,"column":15},"end":{"line":1,"column":34}},"1":{"start":{"line":2,"column":18},"end":{"line":2,"column":51}},"2":{"start":{"line":3,"column":23},"end":{"line":3,"column":45}},"3":{"start":{"line":4,"column":23},"end":{"line":4,"column":61}},"4":{"start":{"line":7,"column":18},"end":{"line":7,"column":28}},"5":{"start":{"line":8,"column":32},"end":{"line":8,"column":40}},"6":{"start":{"line":10,"column":4},"end":{"line":53,"column":5}},"7":{"start":{"line":13,"column":23},"end":{"line":13,"column":45}},"8":{"start":{"line":14,"column":25},"end":{"line":14,"column":26}},"9":{"start":{"line":15,"column":27},"end":{"line":15,"column":60}},"10":{"start":{"line":16,"column":8},"end":{"line":30,"column":9}},"11":{"start":{"line":17,"column":12},"end":{"line":17,"column":42}},"12":{"start":{"line":18,"column":12},"end":{"line":18,"column":29}},"13":{"start":{"line":19,"column":13},"end":{"line":19,"column":47}},"14":{"start":{"line":22,"column":12},"end":{"line":22,"column":54}},"15":{"start":{"line":23,"column":12},"end":{"line":23,"column":46}},"16":{"start":{"line":25,"column":12},"end":{"line":27,"column":13}},"17":{"start":{"line":26,"column":16},"end":{"line":26,"column":69}},"18":{"start":{"line":28,"column":12},"end":{"line":28,"column":82}},"19":{"start":{"line":29,"column":12},"end":{"line":29,"column":26}},"20":{"start":{"line":32,"column":8},"end":{"line":34,"column":9}},"21":{"start":{"line":33,"column":12},"end":{"line":33,"column":83}},"22":{"start":{"line":36,"column":24},"end":{"line":36,"column":69}},"23":{"start":{"line":38,"column":8},"end":{"line":43,"column":11}},"24":{"start":{"line":45,"column":8},"end":{"line":49,"column":9}},"25":{"start":{"line":46,"column":12},"end":{"line":46,"column":93}},"26":{"start":{"line":48,"column":12},"end":{"line":48,"column":71}},"27":{"start":{"line":51,"column":8},"end":{"line":51,"column":52}},"28":{"start":{"line":52,"column":8},"end":{"line":52,"column":54}},"29":{"start":{"line":56,"column":0},"end":{"line":56,"column":36}}},"fnMap":{"0":{"name":"userlogin_post","decl":{"start":{"line":6,"column":15},"end":{"line":6,"column":29}},"loc":{"start":{"line":6,"column":40},"end":{"line":54,"column":1}},"line":6}},"branchMap":{"0":{"loc":{"start":{"line":16,"column":8},"end":{"line":30,"column":9}},"type":"if","locations":[{"start":{"line":16,"column":8},"end":{"line":30,"column":9}},{"start":{"line":21,"column":15},"end":{"line":30,"column":9}}],"line":16},"1":{"loc":{"start":{"line":25,"column":12},"end":{"line":27,"column":13}},"type":"if","locations":[{"start":{"line":25,"column":12},"end":{"line":27,"column":13}},{"start":{},"end":{}}],"line":25},"2":{"loc":{"start":{"line":32,"column":8},"end":{"line":34,"column":9}},"type":"if","locations":[{"start":{"line":32,"column":8},"end":{"line":34,"column":9}},{"start":{},"end":{}}],"line":32},"3":{"loc":{"start":{"line":45,"column":8},"end":{"line":49,"column":9}},"type":"if","locations":[{"start":{"line":45,"column":8},"end":{"line":49,"column":9}},{"start":{"line":47,"column":15},"end":{"line":49,"column":9}}],"line":45}},"s":{"0":1,"1":1,"2":1,"3":1,"4":3,"5":3,"6":3,"7":3,"8":3,"9":3,"10":3,"11":2,"12":2,"13":2,"14":1,"15":1,"16":1,"17":1,"18":0,"19":0,"20":2,"21":0,"22":2,"23":2,"24":2,"25":1,"26":1,"27":0,"28":0,"29":1},"f":{"0":3},"b":{"0":[2,1],"1":[1,0],"2":[0,2],"3":[1,1]},"_coverageSchema":"1a1c01bbd47fc00a2c39e90264f33305004495a9","hash":"1bd29daaa2715fb280ad0a1072895ec14becc179"}
,"D:\\SDE PROJECTS\\Real-Time-Auction-Platform\\backend\\controllers\\user\\user_register.js": {"path":"D:\\SDE PROJECTS\\Real-Time-Auction-Platform\\backend\\controllers\\user\\user_register.js","statementMap":{"0":{"start":{"line":1,"column":15},"end":{"line":1,"column":34}},"1":{"start":{"line":2,"column":14},"end":{"line":2,"column":47}},"2":{"start":{"line":3,"column":19},"end":{"line":3,"column":40}},"3":{"start":{"line":4,"column":23},"end":{"line":4,"column":45}},"4":{"start":{"line":5,"column":23},"end":{"line":5,"column":61}},"5":{"start":{"line":8,"column":18},"end":{"line":8,"column":28}},"6":{"start":{"line":9,"column":42},"end":{"line":9,"column":50}},"7":{"start":{"line":10,"column":19},"end":{"line":10,"column":41}},"8":{"start":{"line":11,"column":23},"end":{"line":11,"column":24}},"9":{"start":{"line":12,"column":4},"end":{"line":62,"column":5}},"10":{"start":{"line":13,"column":27},"end":{"line":13,"column":60}},"11":{"start":{"line":14,"column":8},"end":{"line":17,"column":9}},"12":{"start":{"line":15,"column":12},"end":{"line":15,"column":46}},"13":{"start":{"line":16,"column":12},"end":{"line":16,"column":77}},"14":{"start":{"line":19,"column":31},"end":{"line":19,"column":61}},"15":{"start":{"line":20,"column":29},"end":{"line":20,"column":59}},"16":{"start":{"line":22,"column":8},"end":{"line":25,"column":9}},"17":{"start":{"line":23,"column":13},"end":{"line":23,"column":47}},"18":{"start":{"line":24,"column":12},"end":{"line":24,"column":77}},"19":{"start":{"line":27,"column":31},"end":{"line":27,"column":62}},"20":{"start":{"line":28,"column":24},"end":{"line":33,"column":10}},"21":{"start":{"line":35,"column":8},"end":{"line":35,"column":29}},"22":{"start":{"line":36,"column":8},"end":{"line":36,"column":89}},"23":{"start":{"line":39,"column":8},"end":{"line":39,"column":39}},"24":{"start":{"line":41,"column":28},"end":{"line":47,"column":10}},"25":{"start":{"line":49,"column":8},"end":{"line":49,"column":42}},"26":{"start":{"line":51,"column":8},"end":{"line":56,"column":11}},"27":{"start":{"line":58,"column":8},"end":{"line":58,"column":69}},"28":{"start":{"line":60,"column":8},"end":{"line":60,"column":59}},"29":{"start":{"line":61,"column":8},"end":{"line":61,"column":67}},"30":{"start":{"line":65,"column":0},"end":{"line":65,"column":39}}},"fnMap":{"0":{"name":"userregister_post","decl":{"start":{"line":7,"column":15},"end":{"line":7,"column":32}},"loc":{"start":{"line":7,"column":43},"end":{"line":63,"column":1}},"line":7}},"branchMap":{"0":{"loc":{"start":{"line":14,"column":8},"end":{"line":17,"column":9}},"type":"if","locations":[{"start":{"line":14,"column":8},"end":{"line":17,"column":9}},{"start":{},"end":{}}],"line":14},"1":{"loc":{"start":{"line":22,"column":8},"end":{"line":25,"column":9}},"type":"if","locations":[{"start":{"line":22,"column":8},"end":{"line":25,"column":9}},{"start":{},"end":{}}],"line":22},"2":{"loc":{"start":{"line":22,"column":12},"end":{"line":22,"column":42}},"type":"binary-expr","locations":[{"start":{"line":22,"column":12},"end":{"line":22,"column":26}},{"start":{"line":22,"column":30},"end":{"line":22,"column":42}}],"line":22}},"s":{"0":1,"1":1,"2":1,"3":1,"4":1,"5":4,"6":4,"7":4,"8":4,"9":4,"10":4,"11":4,"12":1,"13":1,"14":3,"15":3,"16":3,"17":0,"18":0,"19":3,"20":3,"21":3,"22":3,"23":3,"24":3,"25":3,"26":3,"27":3,"28":0,"29":0,"30":1},"f":{"0":4},"b":{"0":[1,3],"1":[0,3],"2":[3,3]},"_coverageSchema":"1a1c01bbd47fc00a2c39e90264f33305004495a9","hash":"158edab8f157e1192129f6da02c46b3a87b26015"}
,"D:\\SDE PROJECTS\\Real-Time-Auction-Platform\\backend\\middleware\\Admin.js": {"path":"D:\\SDE PROJECTS\\Real-Time-Auction-Platform\\backend\\middleware\\Admin.js","statementMap":{"0":{"start":{"line":1,"column":24},"end":{"line":4,"column":1}},"1":{"start":{"line":2,"column":2},"end":{"line":2,"column":95}},"2":{"start":{"line":3,"column":2},"end":{"line":3,"column":9}},"3":{"start":{"line":6,"column":29},"end":{"line":29,"column":1}},"4":{"start":{"line":7,"column":21},"end":{"line":7,"column":38}},"5":{"start":{"line":10,"column":2},"end":{"line":26,"column":3}},"6":{"start":{"line":12,"column":6},"end":{"line":12,"column":99}},"7":{"start":{"line":13,"column":6},"end":{"line":13,"column":12}},"8":{"start":{"line":15,"column":6},"end":{"line":15,"column":100}},"9":{"start":{"line":16,"column":6},"end":{"line":16,"column":12}},"10":{"start":{"line":18,"column":6},"end":{"line":18,"column":103}},"11":{"start":{"line":19,"column":6},"end":{"line":19,"column":12}},"12":{"start":{"line":21,"column":6},"end":{"line":21,"column":95}},"13":{"start":{"line":22,"column":6},"end":{"line":22,"column":12}},"14":{"start":{"line":24,"column":6},"end":{"line":24,"column":94}},"15":{"start":{"line":25,"column":6},"end":{"line":25,"column":12}},"16":{"start":{"line":28,"column":2},"end":{"line":28,"column":78}},"17":{"start":{"line":31,"column":0},"end":{"line":31,"column":59}}},"fnMap":{"0":{"name":"(anonymous_0)","decl":{"start":{"line":1,"column":24},"end":{"line":1,"column":25}},"loc":{"start":{"line":1,"column":44},"end":{"line":4,"column":1}},"line":1},"1":{"name":"(anonymous_1)","decl":{"start":{"line":6,"column":29},"end":{"line":6,"column":30}},"loc":{"start":{"line":6,"column":54},"end":{"line":29,"column":1}},"line":6}},"branchMap":{"0":{"loc":{"start":{"line":7,"column":21},"end":{"line":7,"column":38}},"type":"binary-expr","locations":[{"start":{"line":7,"column":21},"end":{"line":7,"column":31}},{"start":{"line":7,"column":35},"end":{"line":7,"column":38}}],"line":7},"1":{"loc":{"start":{"line":10,"column":2},"end":{"line":26,"column":3}},"type":"switch","locations":[{"start":{"line":11,"column":4},"end":{"line":13,"column":12}},{"start":{"line":14,"column":4},"end":{"line":16,"column":12}},{"start":{"line":17,"column":4},"end":{"line":19,"column":12}},{"start":{"line":20,"column":4},"end":{"line":22,"column":12}},{"start":{"line":23,"column":4},"end":{"line":25,"column":12}}],"line":10}},"s":{"0":1,"1":2,"2":2,"3":1,"4":0,"5":0,"6":0,"7":0,"8":0,"9":0,"10":0,"11":0,"12":0,"13":0,"14":0,"15":0,"16":0,"17":1},"f":{"0":2,"1":0},"b":{"0":[0,0],"1":[0,0,0,0,0]},"_coverageSchema":"1a1c01bbd47fc00a2c39e90264f33305004495a9","hash":"998e8b381bccb14bf59f9f8088ba3d5a4896236c"}
,"D:\\SDE PROJECTS\\Real-Time-Auction-Platform\\backend\\middleware\\Seller.js": {"path":"D:\\SDE PROJECTS\\Real-Time-Auction-Platform\\backend\\middleware\\Seller.js","statementMap":{"0":{"start":{"line":1,"column":25},"end":{"line":4,"column":1}},"1":{"start":{"line":2,"column":4},"end":{"line":2,"column":90}},"2":{"start":{"line":3,"column":4},"end":{"line":3,"column":11}},"3":{"start":{"line":6,"column":30},"end":{"line":30,"column":1}},"4":{"start":{"line":7,"column":23},"end":{"line":7,"column":40}},"5":{"start":{"line":8,"column":4},"end":{"line":8,"column":27}},"6":{"start":{"line":11,"column":4},"end":{"line":27,"column":5}},"7":{"start":{"line":13,"column":12},"end":{"line":13,"column":107}},"8":{"start":{"line":14,"column":12},"end":{"line":14,"column":18}},"9":{"start":{"line":16,"column":12},"end":{"line":16,"column":107}},"10":{"start":{"line":17,"column":12},"end":{"line":17,"column":18}},"11":{"start":{"line":19,"column":12},"end":{"line":19,"column":110}},"12":{"start":{"line":20,"column":12},"end":{"line":20,"column":18}},"13":{"start":{"line":22,"column":12},"end":{"line":22,"column":102}},"14":{"start":{"line":23,"column":12},"end":{"line":23,"column":18}},"15":{"start":{"line":25,"column":12},"end":{"line":25,"column":101}},"16":{"start":{"line":26,"column":12},"end":{"line":26,"column":18}},"17":{"start":{"line":29,"column":4},"end":{"line":29,"column":61}},"18":{"start":{"line":32,"column":0},"end":{"line":32,"column":61}}},"fnMap":{"0":{"name":"(anonymous_0)","decl":{"start":{"line":1,"column":25},"end":{"line":1,"column":26}},"loc":{"start":{"line":1,"column":45},"end":{"line":4,"column":1}},"line":1},"1":{"name":"(anonymous_1)","decl":{"start":{"line":6,"column":30},"end":{"line":6,"column":31}},"loc":{"start":{"line":6,"column":55},"end":{"line":30,"column":1}},"line":6}},"branchMap":{"0":{"loc":{"start":{"line":7,"column":23},"end":{"line":7,"column":40}},"type":"binary-expr","locations":[{"start":{"line":7,"column":23},"end":{"line":7,"column":33}},{"start":{"line":7,"column":37},"end":{"line":7,"column":40}}],"line":7},"1":{"loc":{"start":{"line":11,"column":4},"end":{"line":27,"column":5}},"type":"switch","locations":[{"start":{"line":12,"column":8},"end":{"line":14,"column":18}},{"start":{"line":15,"column":8},"end":{"line":17,"column":18}},{"start":{"line":18,"column":8},"end":{"line":20,"column":18}},{"start":{"line":21,"column":8},"end":{"line":23,"column":18}},{"start":{"line":24,"column":8},"end":{"line":26,"column":18}}],"line":11}},"s":{"0":1,"1":4,"2":4,"3":1,"4":0,"5":0,"6":0,"7":0,"8":0,"9":0,"10":0,"11":0,"12":0,"13":0,"14":0,"15":0,"16":0,"17":0,"18":1},"f":{"0":4,"1":0},"b":{"0":[0,0],"1":[0,0,0,0,0]},"_coverageSchema":"1a1c01bbd47fc00a2c39e90264f33305004495a9","hash":"3f018f1c4a0d4784f32d65051f844e8ee7bfcb48"}
,"D:\\SDE PROJECTS\\Real-Time-Auction-Platform\\backend\\middleware\\User.js": {"path":"D:\\SDE PROJECTS\\Real-Time-Auction-Platform\\backend\\middleware\\User.js","statementMap":{"0":{"start":{"line":1,"column":23},"end":{"line":4,"column":1}},"1":{"start":{"line":2,"column":4},"end":{"line":2,"column":88}},"2":{"start":{"line":3,"column":4},"end":{"line":3,"column":11}},"3":{"start":{"line":6,"column":28},"end":{"line":21,"column":1}},"4":{"start":{"line":7,"column":23},"end":{"line":7,"column":40}},"5":{"start":{"line":8,"column":4},"end":{"line":8,"column":27}},"6":{"start":{"line":11,"column":4},"end":{"line":18,"column":5}},"7":{"start":{"line":13,"column":12},"end":{"line":13,"column":100}},"8":{"start":{"line":14,"column":12},"end":{"line":14,"column":18}},"9":{"start":{"line":16,"column":12},"end":{"line":16,"column":99}},"10":{"start":{"line":17,"column":12},"end":{"line":17,"column":18}},"11":{"start":{"line":20,"column":4},"end":{"line":20,"column":61}},"12":{"start":{"line":23,"column":0},"end":{"line":23,"column":57}}},"fnMap":{"0":{"name":"(anonymous_0)","decl":{"start":{"line":1,"column":23},"end":{"line":1,"column":24}},"loc":{"start":{"line":1,"column":43},"end":{"line":4,"column":1}},"line":1},"1":{"name":"(anonymous_1)","decl":{"start":{"line":6,"column":28},"end":{"line":6,"column":29}},"loc":{"start":{"line":6,"column":53},"end":{"line":21,"column":1}},"line":6}},"branchMap":{"0":{"loc":{"start":{"line":7,"column":23},"end":{"line":7,"column":40}},"type":"binary-expr","locations":[{"start":{"line":7,"column":23},"end":{"line":7,"column":33}},{"start":{"line":7,"column":37},"end":{"line":7,"column":40}}],"line":7},"1":{"loc":{"start":{"line":11,"column":4},"end":{"line":18,"column":5}},"type":"switch","locations":[{"start":{"line":12,"column":8},"end":{"line":14,"column":18}},{"start":{"line":15,"column":8},"end":{"line":17,"column":18}}],"line":11}},"s":{"0":1,"1":7,"2":7,"3":1,"4":0,"5":0,"6":0,"7":0,"8":0,"9":0,"10":0,"11":0,"12":1},"f":{"0":7,"1":0},"b":{"0":[0,0],"1":[0,0]},"_coverageSchema":"1a1c01bbd47fc00a2c39e90264f33305004495a9","hash":"5ae46486dda1dbfb92f0cf138d0eaa04a2b03f87"}
,"D:\\SDE PROJECTS\\Real-Time-Auction-Platform\\backend\\models\\PerformanceLog.js": {"path":"D:\\SDE PROJECTS\\Real-Time-Auction-Platform\\backend\\models\\PerformanceLog.js","statementMap":{"0":{"start":{"line":2,"column":17},"end":{"line":2,"column":36}},"1":{"start":{"line":4,"column":29},"end":{"line":9,"column":2}},"2":{"start":{"line":11,"column":0},"end":{"line":11,"column":55}},"3":{"start":{"line":13,"column":0},"end":{"line":13,"column":72}}},"fnMap":{},"branchMap":{},"s":{"0":2,"1":2,"2":2,"3":2},"f":{},"b":{},"_coverageSchema":"1a1c01bbd47fc00a2c39e90264f33305004495a9","hash":"2492de02e1e159b46a37e8d6211b3c49c1d9f491"}
,"D:\\SDE PROJECTS\\Real-Time-Auction-Platform\\backend\\models\\itemmodel.js": {"path":"D:\\SDE PROJECTS\\Real-Time-Auction-Platform\\backend\\models\\itemmodel.js","statementMap":{"0":{"start":{"line":2,"column":17},"end":{"line":2,"column":36}},"1":{"start":{"line":4,"column":19},"end":{"line":22,"column":2}},"2":{"start":{"line":25,"column":0},"end":{"line":25,"column":47}},"3":{"start":{"line":26,"column":0},"end":{"line":26,"column":30}},"4":{"start":{"line":28,"column":18},"end":{"line":28,"column":53}},"5":{"start":{"line":30,"column":0},"end":{"line":33,"column":1}}},"fnMap":{},"branchMap":{},"s":{"0":2,"1":2,"2":2,"3":2,"4":2,"5":2},"f":{},"b":{},"_coverageSchema":"1a1c01bbd47fc00a2c39e90264f33305004495a9","hash":"2bec90cd578d438249a549bb97c81dff0996594e"}
,"D:\\SDE PROJECTS\\Real-Time-Auction-Platform\\backend\\models\\sellermodel.js": {"path":"D:\\SDE PROJECTS\\Real-Time-Auction-Platform\\backend\\models\\sellermodel.js","statementMap":{"0":{"start":{"line":1,"column":17},"end":{"line":1,"column":36}},"1":{"start":{"line":2,"column":23},"end":{"line":2,"column":45}},"2":{"start":{"line":4,"column":21},"end":{"line":19,"column":2}},"3":{"start":{"line":22,"column":0},"end":{"line":22,"column":51}},"4":{"start":{"line":23,"column":0},"end":{"line":23,"column":33}},"5":{"start":{"line":25,"column":20},"end":{"line":25,"column":59}},"6":{"start":{"line":27,"column":0},"end":{"line":27,"column":29}}},"fnMap":{},"branchMap":{},"s":{"0":1,"1":1,"2":1,"3":1,"4":1,"5":1,"6":1},"f":{},"b":{},"_coverageSchema":"1a1c01bbd47fc00a2c39e90264f33305004495a9","hash":"7561b4c21a21261a3ad473e9cb04d0c3d55d2152"}
,"D:\\SDE PROJECTS\\Real-Time-Auction-Platform\\backend\\models\\usermodel.js": {"path":"D:\\SDE PROJECTS\\Real-Time-Auction-Platform\\backend\\models\\usermodel.js","statementMap":{"0":{"start":{"line":1,"column":17},"end":{"line":1,"column":36}},"1":{"start":{"line":2,"column":23},"end":{"line":2,"column":45}},"2":{"start":{"line":4,"column":19},"end":{"line":12,"column":2}},"3":{"start":{"line":15,"column":0},"end":{"line":15,"column":49}},"4":{"start":{"line":17,"column":18},"end":{"line":17,"column":59}},"5":{"start":{"line":18,"column":0},"end":{"line":18,"column":27}}},"fnMap":{},"branchMap":{},"s":{"0":2,"1":2,"2":2,"3":2,"4":2,"5":2},"f":{},"b":{},"_coverageSchema":"1a1c01bbd47fc00a2c39e90264f33305004495a9","hash":"f1fa68669e980e332aade30c4979e7f32d2994a0"}
,"D:\\SDE PROJECTS\\Real-Time-Auction-Platform\\backend\\routers\\admin-routes\\admin_home.js": {"path":"D:\\SDE PROJECTS\\Real-Time-Auction-Platform\\backend\\routers\\admin-routes\\admin_home.js","statementMap":{"0":{"start":{"line":1,"column":16},"end":{"line":1,"column":34}},"1":{"start":{"line":2,"column":24},"end":{"line":2,"column":70}},"2":{"start":{"line":3,"column":50},"end":{"line":3,"column":83}},"3":{"start":{"line":5,"column":15},"end":{"line":5,"column":31}},"4":{"start":{"line":8,"column":0},"end":{"line":8,"column":84}},"5":{"start":{"line":10,"column":0},"end":{"line":10,"column":24}}},"fnMap":{},"branchMap":{},"s":{"0":1,"1":1,"2":1,"3":1,"4":1,"5":1},"f":{},"b":{},"_coverageSchema":"1a1c01bbd47fc00a2c39e90264f33305004495a9","hash":"a4bd9b11e47883b266f5241608934de559dab4cd"}
,"D:\\SDE PROJECTS\\Real-Time-Auction-Platform\\backend\\routers\\admin-routes\\admin_login.js": {"path":"D:\\SDE PROJECTS\\Real-Time-Auction-Platform\\backend\\routers\\admin-routes\\admin_login.js","statementMap":{"0":{"start":{"line":1,"column":16},"end":{"line":1,"column":34}},"1":{"start":{"line":2,"column":24},"end":{"line":2,"column":70}},"2":{"start":{"line":3,"column":50},"end":{"line":3,"column":83}},"3":{"start":{"line":5,"column":15},"end":{"line":5,"column":31}},"4":{"start":{"line":8,"column":0},"end":{"line":8,"column":84}},"5":{"start":{"line":10,"column":0},"end":{"line":10,"column":24}}},"fnMap":{},"branchMap":{},"s":{"0":1,"1":1,"2":1,"3":1,"4":1,"5":1},"f":{},"b":{},"_coverageSchema":"1a1c01bbd47fc00a2c39e90264f33305004495a9","hash":"a831d8dee6bdf315b73433374a9a017487af8104"}
,"D:\\SDE PROJECTS\\Real-Time-Auction-Platform\\backend\\routers\\seller-routes\\create_auction.js": {"path":"D:\\SDE PROJECTS\\Real-Time-Auction-Platform\\backend\\routers\\seller-routes\\create_auction.js","statementMap":{"0":{"start":{"line":1,"column":16},"end":{"line":1,"column":34}},"1":{"start":{"line":2,"column":15},"end":{"line":2,"column":32}},"2":{"start":{"line":3,"column":26},"end":{"line":3,"column":76}},"3":{"start":{"line":4,"column":52},"end":{"line":4,"column":86}},"4":{"start":{"line":5,"column":20},"end":{"line":5,"column":40}},"5":{"start":{"line":6,"column":19},"end":{"line":6,"column":43}},"6":{"start":{"line":7,"column":15},"end":{"line":7,"column":31}},"7":{"start":{"line":8,"column":0},"end":{"line":12,"column":3}},"8":{"start":{"line":15,"column":15},"end":{"line":15,"column":43}},"9":{"start":{"line":17,"column":0},"end":{"line":21,"column":3}},"10":{"start":{"line":19,"column":2},"end":{"line":19,"column":23}},"11":{"start":{"line":20,"column":2},"end":{"line":20,"column":55}},"12":{"start":{"line":23,"column":0},"end":{"line":23,"column":24}}},"fnMap":{"0":{"name":"(anonymous_0)","decl":{"start":{"line":17,"column":89},"end":{"line":17,"column":90}},"loc":{"start":{"line":17,"column":103},"end":{"line":21,"column":1}},"line":17}},"branchMap":{},"s":{"0":1,"1":1,"2":1,"3":1,"4":1,"5":1,"6":1,"7":1,"8":1,"9":1,"10":0,"11":0,"12":1},"f":{"0":0},"b":{},"_coverageSchema":"1a1c01bbd47fc00a2c39e90264f33305004495a9","hash":"57cefd690142d2becefb4cd5f59587dde9d1a0ba"}
,"D:\\SDE PROJECTS\\Real-Time-Auction-Platform\\backend\\routers\\seller-routes\\sell_item.js": {"path":"D:\\SDE PROJECTS\\Real-Time-Auction-Platform\\backend\\routers\\seller-routes\\sell_item.js","statementMap":{"0":{"start":{"line":1,"column":16},"end":{"line":1,"column":34}},"1":{"start":{"line":2,"column":26},"end":{"line":2,"column":71}},"2":{"start":{"line":3,"column":52},"end":{"line":3,"column":86}},"3":{"start":{"line":5,"column":15},"end":{"line":5,"column":31}},"4":{"start":{"line":7,"column":0},"end":{"line":7,"column":106}},"5":{"start":{"line":8,"column":0},"end":{"line":8,"column":108}},"6":{"start":{"line":10,"column":0},"end":{"line":10,"column":24}}},"fnMap":{},"branchMap":{},"s":{"0":1,"1":1,"2":1,"3":1,"4":1,"5":1,"6":1},"f":{},"b":{},"_coverageSchema":"1a1c01bbd47fc00a2c39e90264f33305004495a9","hash":"e93653cabb06a239209a44603f586c7ba4bb29ac"}
,"D:\\SDE PROJECTS\\Real-Time-Auction-Platform\\backend\\routers\\seller-routes\\seller_home.js": {"path":"D:\\SDE PROJECTS\\Real-Time-Auction-Platform\\backend\\routers\\seller-routes\\seller_home.js","statementMap":{"0":{"start":{"line":1,"column":16},"end":{"line":1,"column":34}},"1":{"start":{"line":2,"column":29},"end":{"line":2,"column":76}},"2":{"start":{"line":3,"column":52},"end":{"line":3,"column":86}},"3":{"start":{"line":5,"column":15},"end":{"line":5,"column":31}},"4":{"start":{"line":7,"column":0},"end":{"line":7,"column":99}},"5":{"start":{"line":9,"column":0},"end":{"line":9,"column":24}}},"fnMap":{},"branchMap":{},"s":{"0":1,"1":1,"2":1,"3":1,"4":1,"5":1},"f":{},"b":{},"_coverageSchema":"1a1c01bbd47fc00a2c39e90264f33305004495a9","hash":"534b6daeee93c424dc1595f2816320c6ae4f3d38"}
,"D:\\SDE PROJECTS\\Real-Time-Auction-Platform\\backend\\routers\\seller-routes\\seller_login.js": {"path":"D:\\SDE PROJECTS\\Real-Time-Auction-Platform\\backend\\routers\\seller-routes\\seller_login.js","statementMap":{"0":{"start":{"line":1,"column":16},"end":{"line":1,"column":34}},"1":{"start":{"line":2,"column":30},"end":{"line":2,"column":78}},"2":{"start":{"line":3,"column":52},"end":{"line":3,"column":86}},"3":{"start":{"line":5,"column":15},"end":{"line":5,"column":31}},"4":{"start":{"line":7,"column":0},"end":{"line":7,"column":98}},"5":{"start":{"line":9,"column":0},"end":{"line":9,"column":24}}},"fnMap":{},"branchMap":{},"s":{"0":1,"1":1,"2":1,"3":1,"4":1,"5":1},"f":{},"b":{},"_coverageSchema":"1a1c01bbd47fc00a2c39e90264f33305004495a9","hash":"1f205b6a56aa073b2d306633c888a5bc5b0e3847"}
,"D:\\SDE PROJECTS\\Real-Time-Auction-Platform\\backend\\routers\\seller-routes\\seller_register.js": {"path":"D:\\SDE PROJECTS\\Real-Time-Auction-Platform\\backend\\routers\\seller-routes\\seller_register.js","statementMap":{"0":{"start":{"line":1,"column":16},"end":{"line":1,"column":34}},"1":{"start":{"line":2,"column":25},"end":{"line":2,"column":76}},"2":{"start":{"line":3,"column":52},"end":{"line":3,"column":86}},"3":{"start":{"line":5,"column":15},"end":{"line":5,"column":31}},"4":{"start":{"line":7,"column":0},"end":{"line":7,"column":96}},"5":{"start":{"line":9,"column":0},"end":{"line":9,"column":24}}},"fnMap":{},"branchMap":{},"s":{"0":1,"1":1,"2":1,"3":1,"4":1,"5":1},"f":{},"b":{},"_coverageSchema":"1a1c01bbd47fc00a2c39e90264f33305004495a9","hash":"e52be7624d20bebdce88aaf215401109291b6642"}
,"D:\\SDE PROJECTS\\Real-Time-Auction-Platform\\backend\\routers\\seller-routes\\storage.js": {"path":"D:\\SDE PROJECTS\\Real-Time-Auction-Platform\\backend\\routers\\seller-routes\\storage.js","statementMap":{"0":{"start":{"line":1,"column":19},"end":{"line":1,"column":43}},"1":{"start":{"line":2,"column":30},"end":{"line":2,"column":66}},"2":{"start":{"line":4,"column":0},"end":{"line":8,"column":3}},"3":{"start":{"line":10,"column":16},"end":{"line":16,"column":2}},"4":{"start":{"line":18,"column":0},"end":{"line":21,"column":2}}},"fnMap":{},"branchMap":{},"s":{"0":1,"1":1,"2":1,"3":1,"4":1},"f":{},"b":{},"_coverageSchema":"1a1c01bbd47fc00a2c39e90264f33305004495a9","hash":"d92e56c1dfe47a04e18f50c8d4fd2c0d9013357c"}
,"D:\\SDE PROJECTS\\Real-Time-Auction-Platform\\backend\\routers\\user-routes\\LikedRoutes.js": {"path":"D:\\SDE PROJECTS\\Real-Time-Auction-Platform\\backend\\routers\\user-routes\\LikedRoutes.js","statementMap":{"0":{"start":{"line":2,"column":16},"end":{"line":2,"column":34}},"1":{"start":{"line":3,"column":24},"end":{"line":3,"column":68}},"2":{"start":{"line":4,"column":48},"end":{"line":4,"column":80}},"3":{"start":{"line":6,"column":15},"end":{"line":6,"column":31}},"4":{"start":{"line":8,"column":0},"end":{"line":8,"column":111}},"5":{"start":{"line":8,"column":70},"end":{"line":8,"column":109}},"6":{"start":{"line":9,"column":0},"end":{"line":9,"column":124}},"7":{"start":{"line":9,"column":83},"end":{"line":9,"column":122}},"8":{"start":{"line":10,"column":0},"end":{"line":10,"column":129}},"9":{"start":{"line":10,"column":85},"end":{"line":10,"column":127}},"10":{"start":{"line":12,"column":0},"end":{"line":12,"column":24}}},"fnMap":{"0":{"name":"(anonymous_0)","decl":{"start":{"line":8,"column":56},"end":{"line":8,"column":57}},"loc":{"start":{"line":8,"column":70},"end":{"line":8,"column":109}},"line":8},"1":{"name":"(anonymous_1)","decl":{"start":{"line":9,"column":69},"end":{"line":9,"column":70}},"loc":{"start":{"line":9,"column":83},"end":{"line":9,"column":122}},"line":9},"2":{"name":"(anonymous_2)","decl":{"start":{"line":10,"column":71},"end":{"line":10,"column":72}},"loc":{"start":{"line":10,"column":85},"end":{"line":10,"column":127}},"line":10}},"branchMap":{},"s":{"0":1,"1":1,"2":1,"3":1,"4":1,"5":0,"6":1,"7":0,"8":1,"9":0,"10":1},"f":{"0":0,"1":0,"2":0},"b":{},"_coverageSchema":"1a1c01bbd47fc00a2c39e90264f33305004495a9","hash":"8201c189de149e92687801504d0ef2fb2560a65d"}
,"D:\\SDE PROJECTS\\Real-Time-Auction-Platform\\backend\\routers\\user-routes\\authrouter.js": {"path":"D:\\SDE PROJECTS\\Real-Time-Auction-Platform\\backend\\routers\\user-routes\\authrouter.js","statementMap":{"0":{"start":{"line":2,"column":16},"end":{"line":2,"column":34}},"1":{"start":{"line":3,"column":24},"end":{"line":3,"column":68}},"2":{"start":{"line":4,"column":48},"end":{"line":4,"column":80}},"3":{"start":{"line":6,"column":19},"end":{"line":6,"column":35}},"4":{"start":{"line":8,"column":0},"end":{"line":8,"column":76}},"5":{"start":{"line":10,"column":0},"end":{"line":10,"column":28}}},"fnMap":{},"branchMap":{},"s":{"0":1,"1":1,"2":1,"3":1,"4":1,"5":1},"f":{},"b":{},"_coverageSchema":"1a1c01bbd47fc00a2c39e90264f33305004495a9","hash":"b4d9e996d2d586f3646a762662f09f69ebbf1930"}
,"D:\\SDE PROJECTS\\Real-Time-Auction-Platform\\backend\\routers\\user-routes\\user_login.js": {"path":"D:\\SDE PROJECTS\\Real-Time-Auction-Platform\\backend\\routers\\user-routes\\user_login.js","statementMap":{"0":{"start":{"line":2,"column":16},"end":{"line":2,"column":34}},"1":{"start":{"line":3,"column":23},"end":{"line":3,"column":67}},"2":{"start":{"line":4,"column":48},"end":{"line":4,"column":80}},"3":{"start":{"line":6,"column":15},"end":{"line":6,"column":31}},"4":{"start":{"line":8,"column":0},"end":{"line":8,"column":85}},"5":{"start":{"line":10,"column":0},"end":{"line":10,"column":24}}},"fnMap":{},"branchMap":{},"s":{"0":1,"1":1,"2":1,"3":1,"4":1,"5":1},"f":{},"b":{},"_coverageSchema":"1a1c01bbd47fc00a2c39e90264f33305004495a9","hash":"eca642695bf0fcdc5c212cc326975981a257cc15"}
,"D:\\SDE PROJECTS\\Real-Time-Auction-Platform\\backend\\routers\\user-routes\\user_register.js": {"path":"D:\\SDE PROJECTS\\Real-Time-Auction-Platform\\backend\\routers\\user-routes\\user_register.js","statementMap":{"0":{"start":{"line":1,"column":16},"end":{"line":1,"column":34}},"1":{"start":{"line":2,"column":23},"end":{"line":2,"column":70}},"2":{"start":{"line":3,"column":48},"end":{"line":3,"column":80}},"3":{"start":{"line":6,"column":15},"end":{"line":6,"column":31}},"4":{"start":{"line":9,"column":0},"end":{"line":9,"column":88}},"5":{"start":{"line":12,"column":0},"end":{"line":12,"column":24}}},"fnMap":{},"branchMap":{},"s":{"0":1,"1":1,"2":1,"3":1,"4":1,"5":1},"f":{},"b":{},"_coverageSchema":"1a1c01bbd47fc00a2c39e90264f33305004495a9","hash":"99740eaf60926019105c3b574c2209a0a39720a3"}
}
